Arguments: 
  C:\Program Files\nodejs\node.exe C:\Users\User\AppData\Roaming\npm\node_modules\yarn\bin\yarn.js add concurrently

PATH: 
  C:\WINDOWS\system32;C:\WINDOWS;C:\WINDOWS\System32\Wbem;C:\WINDOWS\System32\WindowsPowerShell\v1.0\;C:\Program Files\Git\cmd;C:\WINDOWS\System32\OpenSSH\;C:\Program Files\nodejs\;C:\Program Files\heroku\bin;C:\Users\User\AppData\Local\Programs\Microsoft VS Code\bin;C:\Users\User\AppData\Local\Microsoft\WindowsApps;C:\Users\User\AppData\Roaming\npm

Yarn version: 
  1.12.1

Node version: 
  10.13.0

Platform: 
  win32 x64

Trace: 
  Error: EPERM: operation not permitted, unlink 'C:\Users\User\workhub\node_modules\bcrypt\lib\binding\bcrypt_lib.node'

npm manifest: 
  {
    "name": "workhub",
    "version": "1.0.0",
    "description": "its a hub where job seekers come to find jobs ",
    "main": "index.js",
    "scripts": {
      "test": "echo \"Error: no test specified\" && exit 1",
      "start": "nodemon server.js"
    },
    "engines": {
      "node": "10.13.0"
    },
    "keywords": [
      "jobs"
    ],
    "author": "ochoko chukwuebuka and jude ojini",
    "license": "ISC",
    "dependencies": {
      "@google/maps": "^0.5.5",
      "bcrypt": "^3.0.2",
      "body-parser": "^1.18.3",
      "cloudinary": "^1.13.2",
      "cookie-parser": "^1.4.3",
      "debug": "^4.1.0",
      "dotenv": "^6.1.0",
      "express": "^4.16.4",
      "http-errors": "^1.7.1",
      "mongoose": "^5.3.12",
      "morgan": "^1.9.1",
      "multer": "^1.4.1",
      "nodemailer": "^4.6.8",
      "random-number": "0.0.9"
    }
  }

yarn manifest: 
  No manifest

Lockfile: 
  No lockfile
